{"/Users/sarahvandenberghe/School/Devine/20192020/Development-4/_OPDRACHT/site/src/App.js": {"path":"/Users/sarahvandenberghe/School/Devine/20192020/Development-4/_OPDRACHT/site/src/App.js","statementMap":{"0":{"start":{"line":11,"column":12},"end":{"line":39,"column":1}},"1":{"start":{"line":13,"column":21},"end":{"line":13,"column":25}},"2":{"start":{"line":15,"column":2},"end":{"line":38,"column":4}}},"fnMap":{"0":{"name":"(anonymous_0)","decl":{"start":{"line":11,"column":12},"end":{"line":11,"column":13}},"loc":{"start":{"line":11,"column":18},"end":{"line":39,"column":1}},"line":11}},"branchMap":{"0":{"loc":{"start":{"line":26,"column":15},"end":{"line":26,"column":61}},"type":"cond-expr","locations":[{"start":{"line":26,"column":28},"end":{"line":26,"column":39}},{"start":{"line":26,"column":42},"end":{"line":26,"column":61}}],"line":26}},"s":{"0":0,"1":0,"2":0},"f":{"0":0},"b":{"0":[0,0]},"hash":"a9916a9f8ca11181660f8b8bd1b432301d4b967e"}
,"/Users/sarahvandenberghe/School/Devine/20192020/Development-4/_OPDRACHT/site/src/index.js": {"path":"/Users/sarahvandenberghe/School/Devine/20192020/Development-4/_OPDRACHT/site/src/index.js","statementMap":{"0":{"start":{"line":8,"column":0},"end":{"line":13,"column":2}},"1":{"start":{"line":15,"column":0},"end":{"line":15,"column":27}}},"fnMap":{},"branchMap":{},"s":{"0":0,"1":0},"f":{},"b":{},"hash":"8212dc9a7dce4917533226dcc3ec2767d53497ac"}
,"/Users/sarahvandenberghe/School/Devine/20192020/Development-4/_OPDRACHT/site/src/serviceWorker.js": {"path":"/Users/sarahvandenberghe/School/Devine/20192020/Development-4/_OPDRACHT/site/src/serviceWorker.js","statementMap":{"0":{"start":{"line":13,"column":20},"end":{"line":21,"column":1}},"1":{"start":{"line":24,"column":2},"end":{"line":54,"column":3}},"2":{"start":{"line":26,"column":22},"end":{"line":26,"column":75}},"3":{"start":{"line":27,"column":4},"end":{"line":32,"column":5}},"4":{"start":{"line":31,"column":6},"end":{"line":31,"column":13}},"5":{"start":{"line":34,"column":4},"end":{"line":53,"column":7}},"6":{"start":{"line":35,"column":20},"end":{"line":35,"column":65}},"7":{"start":{"line":37,"column":6},"end":{"line":52,"column":7}},"8":{"start":{"line":39,"column":8},"end":{"line":39,"column":47}},"9":{"start":{"line":43,"column":8},"end":{"line":48,"column":11}},"10":{"start":{"line":44,"column":10},"end":{"line":47,"column":12}},"11":{"start":{"line":51,"column":8},"end":{"line":51,"column":39}},"12":{"start":{"line":58,"column":2},"end":{"line":98,"column":7}},"13":{"start":{"line":61,"column":6},"end":{"line":94,"column":8}},"14":{"start":{"line":62,"column":33},"end":{"line":62,"column":56}},"15":{"start":{"line":63,"column":8},"end":{"line":65,"column":9}},"16":{"start":{"line":64,"column":10},"end":{"line":64,"column":17}},"17":{"start":{"line":66,"column":8},"end":{"line":93,"column":10}},"18":{"start":{"line":67,"column":10},"end":{"line":92,"column":11}},"19":{"start":{"line":68,"column":12},"end":{"line":91,"column":13}},"20":{"start":{"line":72,"column":14},"end":{"line":75,"column":16}},"21":{"start":{"line":78,"column":14},"end":{"line":80,"column":15}},"22":{"start":{"line":79,"column":16},"end":{"line":79,"column":46}},"23":{"start":{"line":85,"column":14},"end":{"line":85,"column":64}},"24":{"start":{"line":88,"column":14},"end":{"line":90,"column":15}},"25":{"start":{"line":89,"column":16},"end":{"line":89,"column":47}},"26":{"start":{"line":97,"column":6},"end":{"line":97,"column":72}},"27":{"start":{"line":103,"column":2},"end":{"line":128,"column":7}},"28":{"start":{"line":108,"column":26},"end":{"line":108,"column":62}},"29":{"start":{"line":109,"column":6},"end":{"line":122,"column":7}},"30":{"start":{"line":114,"column":8},"end":{"line":118,"column":11}},"31":{"start":{"line":115,"column":10},"end":{"line":117,"column":13}},"32":{"start":{"line":116,"column":12},"end":{"line":116,"column":37}},"33":{"start":{"line":121,"column":8},"end":{"line":121,"column":39}},"34":{"start":{"line":125,"column":6},"end":{"line":127,"column":8}},"35":{"start":{"line":132,"column":2},"end":{"line":140,"column":3}},"36":{"start":{"line":133,"column":4},"end":{"line":139,"column":9}},"37":{"start":{"line":135,"column":8},"end":{"line":135,"column":34}},"38":{"start":{"line":138,"column":8},"end":{"line":138,"column":37}}},"fnMap":{"0":{"name":"register","decl":{"start":{"line":23,"column":16},"end":{"line":23,"column":24}},"loc":{"start":{"line":23,"column":33},"end":{"line":55,"column":1}},"line":23},"1":{"name":"(anonymous_1)","decl":{"start":{"line":34,"column":36},"end":{"line":34,"column":37}},"loc":{"start":{"line":34,"column":42},"end":{"line":53,"column":5}},"line":34},"2":{"name":"(anonymous_2)","decl":{"start":{"line":43,"column":43},"end":{"line":43,"column":44}},"loc":{"start":{"line":43,"column":49},"end":{"line":48,"column":9}},"line":43},"3":{"name":"registerValidSW","decl":{"start":{"line":57,"column":9},"end":{"line":57,"column":24}},"loc":{"start":{"line":57,"column":40},"end":{"line":99,"column":1}},"line":57},"4":{"name":"(anonymous_4)","decl":{"start":{"line":60,"column":10},"end":{"line":60,"column":11}},"loc":{"start":{"line":60,"column":26},"end":{"line":95,"column":5}},"line":60},"5":{"name":"(anonymous_5)","decl":{"start":{"line":61,"column":35},"end":{"line":61,"column":36}},"loc":{"start":{"line":61,"column":41},"end":{"line":94,"column":7}},"line":61},"6":{"name":"(anonymous_6)","decl":{"start":{"line":66,"column":41},"end":{"line":66,"column":42}},"loc":{"start":{"line":66,"column":47},"end":{"line":93,"column":9}},"line":66},"7":{"name":"(anonymous_7)","decl":{"start":{"line":96,"column":11},"end":{"line":96,"column":12}},"loc":{"start":{"line":96,"column":20},"end":{"line":98,"column":5}},"line":96},"8":{"name":"checkValidServiceWorker","decl":{"start":{"line":101,"column":9},"end":{"line":101,"column":32}},"loc":{"start":{"line":101,"column":48},"end":{"line":129,"column":1}},"line":101},"9":{"name":"(anonymous_9)","decl":{"start":{"line":106,"column":10},"end":{"line":106,"column":11}},"loc":{"start":{"line":106,"column":22},"end":{"line":123,"column":5}},"line":106},"10":{"name":"(anonymous_10)","decl":{"start":{"line":114,"column":43},"end":{"line":114,"column":44}},"loc":{"start":{"line":114,"column":59},"end":{"line":118,"column":9}},"line":114},"11":{"name":"(anonymous_11)","decl":{"start":{"line":115,"column":41},"end":{"line":115,"column":42}},"loc":{"start":{"line":115,"column":47},"end":{"line":117,"column":11}},"line":115},"12":{"name":"(anonymous_12)","decl":{"start":{"line":124,"column":11},"end":{"line":124,"column":12}},"loc":{"start":{"line":124,"column":17},"end":{"line":128,"column":5}},"line":124},"13":{"name":"unregister","decl":{"start":{"line":131,"column":16},"end":{"line":131,"column":26}},"loc":{"start":{"line":131,"column":29},"end":{"line":141,"column":1}},"line":131},"14":{"name":"(anonymous_14)","decl":{"start":{"line":134,"column":12},"end":{"line":134,"column":13}},"loc":{"start":{"line":134,"column":28},"end":{"line":136,"column":7}},"line":134},"15":{"name":"(anonymous_15)","decl":{"start":{"line":137,"column":13},"end":{"line":137,"column":14}},"loc":{"start":{"line":137,"column":22},"end":{"line":139,"column":7}},"line":137}},"branchMap":{"0":{"loc":{"start":{"line":14,"column":2},"end":{"line":20,"column":5}},"type":"binary-expr","locations":[{"start":{"line":14,"column":2},"end":{"line":14,"column":42}},{"start":{"line":16,"column":4},"end":{"line":16,"column":40}},{"start":{"line":18,"column":4},"end":{"line":20,"column":5}}],"line":14},"1":{"loc":{"start":{"line":24,"column":2},"end":{"line":54,"column":3}},"type":"if","locations":[{"start":{"line":24,"column":2},"end":{"line":54,"column":3}},{"start":{"line":24,"column":2},"end":{"line":54,"column":3}}],"line":24},"2":{"loc":{"start":{"line":24,"column":6},"end":{"line":24,"column":75}},"type":"binary-expr","locations":[{"start":{"line":24,"column":6},"end":{"line":24,"column":43}},{"start":{"line":24,"column":47},"end":{"line":24,"column":75}}],"line":24},"3":{"loc":{"start":{"line":27,"column":4},"end":{"line":32,"column":5}},"type":"if","locations":[{"start":{"line":27,"column":4},"end":{"line":32,"column":5}},{"start":{"line":27,"column":4},"end":{"line":32,"column":5}}],"line":27},"4":{"loc":{"start":{"line":37,"column":6},"end":{"line":52,"column":7}},"type":"if","locations":[{"start":{"line":37,"column":6},"end":{"line":52,"column":7}},{"start":{"line":37,"column":6},"end":{"line":52,"column":7}}],"line":37},"5":{"loc":{"start":{"line":63,"column":8},"end":{"line":65,"column":9}},"type":"if","locations":[{"start":{"line":63,"column":8},"end":{"line":65,"column":9}},{"start":{"line":63,"column":8},"end":{"line":65,"column":9}}],"line":63},"6":{"loc":{"start":{"line":67,"column":10},"end":{"line":92,"column":11}},"type":"if","locations":[{"start":{"line":67,"column":10},"end":{"line":92,"column":11}},{"start":{"line":67,"column":10},"end":{"line":92,"column":11}}],"line":67},"7":{"loc":{"start":{"line":68,"column":12},"end":{"line":91,"column":13}},"type":"if","locations":[{"start":{"line":68,"column":12},"end":{"line":91,"column":13}},{"start":{"line":68,"column":12},"end":{"line":91,"column":13}}],"line":68},"8":{"loc":{"start":{"line":78,"column":14},"end":{"line":80,"column":15}},"type":"if","locations":[{"start":{"line":78,"column":14},"end":{"line":80,"column":15}},{"start":{"line":78,"column":14},"end":{"line":80,"column":15}}],"line":78},"9":{"loc":{"start":{"line":78,"column":18},"end":{"line":78,"column":43}},"type":"binary-expr","locations":[{"start":{"line":78,"column":18},"end":{"line":78,"column":24}},{"start":{"line":78,"column":28},"end":{"line":78,"column":43}}],"line":78},"10":{"loc":{"start":{"line":88,"column":14},"end":{"line":90,"column":15}},"type":"if","locations":[{"start":{"line":88,"column":14},"end":{"line":90,"column":15}},{"start":{"line":88,"column":14},"end":{"line":90,"column":15}}],"line":88},"11":{"loc":{"start":{"line":88,"column":18},"end":{"line":88,"column":44}},"type":"binary-expr","locations":[{"start":{"line":88,"column":18},"end":{"line":88,"column":24}},{"start":{"line":88,"column":28},"end":{"line":88,"column":44}}],"line":88},"12":{"loc":{"start":{"line":109,"column":6},"end":{"line":122,"column":7}},"type":"if","locations":[{"start":{"line":109,"column":6},"end":{"line":122,"column":7}},{"start":{"line":109,"column":6},"end":{"line":122,"column":7}}],"line":109},"13":{"loc":{"start":{"line":110,"column":8},"end":{"line":111,"column":73}},"type":"binary-expr","locations":[{"start":{"line":110,"column":8},"end":{"line":110,"column":31}},{"start":{"line":111,"column":9},"end":{"line":111,"column":28}},{"start":{"line":111,"column":32},"end":{"line":111,"column":72}}],"line":110},"14":{"loc":{"start":{"line":132,"column":2},"end":{"line":140,"column":3}},"type":"if","locations":[{"start":{"line":132,"column":2},"end":{"line":140,"column":3}},{"start":{"line":132,"column":2},"end":{"line":140,"column":3}}],"line":132}},"s":{"0":0,"1":0,"2":0,"3":0,"4":0,"5":0,"6":0,"7":0,"8":0,"9":0,"10":0,"11":0,"12":0,"13":0,"14":0,"15":0,"16":0,"17":0,"18":0,"19":0,"20":0,"21":0,"22":0,"23":0,"24":0,"25":0,"26":0,"27":0,"28":0,"29":0,"30":0,"31":0,"32":0,"33":0,"34":0,"35":0,"36":0,"37":0,"38":0},"f":{"0":0,"1":0,"2":0,"3":0,"4":0,"5":0,"6":0,"7":0,"8":0,"9":0,"10":0,"11":0,"12":0,"13":0,"14":0,"15":0},"b":{"0":[0,0,0],"1":[0,0],"2":[0,0],"3":[0,0],"4":[0,0],"5":[0,0],"6":[0,0],"7":[0,0],"8":[0,0],"9":[0,0],"10":[0,0],"11":[0,0],"12":[0,0],"13":[0,0,0],"14":[0,0]},"hash":"32dea9491f37747c786f241ce3faa4e6eda0ce3b"}
,"/Users/sarahvandenberghe/School/Devine/20192020/Development-4/_OPDRACHT/site/src/components/AddPost/index.jsx": {"path":"/Users/sarahvandenberghe/School/Devine/20192020/Development-4/_OPDRACHT/site/src/components/AddPost/index.jsx","statementMap":{"0":{"start":{"line":8,"column":17},"end":{"line":74,"column":1}},"1":{"start":{"line":9,"column":35},"end":{"line":9,"column":46}},"2":{"start":{"line":10,"column":18},"end":{"line":10,"column":30}},"3":{"start":{"line":12,"column":30},"end":{"line":12,"column":42}},"4":{"start":{"line":13,"column":42},"end":{"line":13,"column":54}},"5":{"start":{"line":14,"column":28},"end":{"line":14,"column":40}},"6":{"start":{"line":15,"column":34},"end":{"line":15,"column":73}},"7":{"start":{"line":18,"column":29},"end":{"line":35,"column":5}},"8":{"start":{"line":19,"column":8},"end":{"line":19,"column":27}},"9":{"start":{"line":20,"column":8},"end":{"line":29,"column":10}},"10":{"start":{"line":30,"column":8},"end":{"line":30,"column":21}},"11":{"start":{"line":31,"column":8},"end":{"line":31,"column":27}},"12":{"start":{"line":32,"column":8},"end":{"line":32,"column":20}},"13":{"start":{"line":33,"column":8},"end":{"line":33,"column":23}},"14":{"start":{"line":34,"column":8},"end":{"line":34,"column":25}},"15":{"start":{"line":37,"column":30},"end":{"line":47,"column":5}},"16":{"start":{"line":38,"column":21},"end":{"line":38,"column":36}},"17":{"start":{"line":39,"column":23},"end":{"line":39,"column":39}},"18":{"start":{"line":41,"column":33},"end":{"line":43,"column":9}},"19":{"start":{"line":42,"column":12},"end":{"line":42,"column":46}},"20":{"start":{"line":45,"column":8},"end":{"line":45,"column":58}},"21":{"start":{"line":46,"column":8},"end":{"line":46,"column":35}},"22":{"start":{"line":49,"column":29},"end":{"line":53,"column":5}},"23":{"start":{"line":50,"column":22},"end":{"line":50,"column":43}},"24":{"start":{"line":51,"column":26},"end":{"line":51,"column":42}},"25":{"start":{"line":52,"column":8},"end":{"line":52,"column":27}},"26":{"start":{"line":55,"column":4},"end":{"line":73,"column":7}},"27":{"start":{"line":56,"column":8},"end":{"line":72,"column":15}},"28":{"start":{"line":56,"column":53},"end":{"line":56,"column":72}},"29":{"start":{"line":59,"column":110},"end":{"line":59,"column":141}},"30":{"start":{"line":62,"column":122},"end":{"line":62,"column":159}},"31":{"start":{"line":66,"column":95},"end":{"line":66,"column":114}},"32":{"start":{"line":69,"column":52},"end":{"line":69,"column":86}}},"fnMap":{"0":{"name":"(anonymous_0)","decl":{"start":{"line":8,"column":17},"end":{"line":8,"column":18}},"loc":{"start":{"line":8,"column":23},"end":{"line":74,"column":1}},"line":8},"1":{"name":"(anonymous_1)","decl":{"start":{"line":18,"column":29},"end":{"line":18,"column":30}},"loc":{"start":{"line":18,"column":34},"end":{"line":35,"column":5}},"line":18},"2":{"name":"(anonymous_2)","decl":{"start":{"line":37,"column":30},"end":{"line":37,"column":31}},"loc":{"start":{"line":37,"column":40},"end":{"line":47,"column":5}},"line":37},"3":{"name":"(anonymous_3)","decl":{"start":{"line":41,"column":33},"end":{"line":41,"column":34}},"loc":{"start":{"line":41,"column":38},"end":{"line":43,"column":9}},"line":41},"4":{"name":"(anonymous_4)","decl":{"start":{"line":49,"column":29},"end":{"line":49,"column":30}},"loc":{"start":{"line":49,"column":34},"end":{"line":53,"column":5}},"line":49},"5":{"name":"(anonymous_5)","decl":{"start":{"line":55,"column":23},"end":{"line":55,"column":24}},"loc":{"start":{"line":56,"column":8},"end":{"line":72,"column":15}},"line":56},"6":{"name":"(anonymous_6)","decl":{"start":{"line":56,"column":48},"end":{"line":56,"column":49}},"loc":{"start":{"line":56,"column":53},"end":{"line":56,"column":72}},"line":56},"7":{"name":"(anonymous_7)","decl":{"start":{"line":59,"column":105},"end":{"line":59,"column":106}},"loc":{"start":{"line":59,"column":110},"end":{"line":59,"column":141}},"line":59},"8":{"name":"(anonymous_8)","decl":{"start":{"line":62,"column":117},"end":{"line":62,"column":118}},"loc":{"start":{"line":62,"column":122},"end":{"line":62,"column":159}},"line":62},"9":{"name":"(anonymous_9)","decl":{"start":{"line":66,"column":90},"end":{"line":66,"column":91}},"loc":{"start":{"line":66,"column":95},"end":{"line":66,"column":114}},"line":66},"10":{"name":"(anonymous_10)","decl":{"start":{"line":69,"column":45},"end":{"line":69,"column":46}},"loc":{"start":{"line":69,"column":52},"end":{"line":69,"column":86}},"line":69}},"branchMap":{},"s":{"0":0,"1":0,"2":0,"3":0,"4":0,"5":0,"6":0,"7":0,"8":0,"9":0,"10":0,"11":0,"12":0,"13":0,"14":0,"15":0,"16":0,"17":0,"18":0,"19":0,"20":0,"21":0,"22":0,"23":0,"24":0,"25":0,"26":0,"27":0,"28":0,"29":0,"30":0,"31":0,"32":0},"f":{"0":0,"1":0,"2":0,"3":0,"4":0,"5":0,"6":0,"7":0,"8":0,"9":0,"10":0},"b":{},"hash":"3004feae0872954969b5d0f4ddcaa6f10f5abc73"}
,"/Users/sarahvandenberghe/School/Devine/20192020/Development-4/_OPDRACHT/site/src/components/BackLink/index.jsx": {"path":"/Users/sarahvandenberghe/School/Devine/20192020/Development-4/_OPDRACHT/site/src/components/BackLink/index.jsx","statementMap":{"0":{"start":{"line":5,"column":17},"end":{"line":17,"column":1}},"1":{"start":{"line":6,"column":20},"end":{"line":6,"column":32}},"2":{"start":{"line":7,"column":4},"end":{"line":16,"column":6}},"3":{"start":{"line":11,"column":16},"end":{"line":11,"column":33}}},"fnMap":{"0":{"name":"(anonymous_0)","decl":{"start":{"line":5,"column":17},"end":{"line":5,"column":18}},"loc":{"start":{"line":5,"column":23},"end":{"line":17,"column":1}},"line":5},"1":{"name":"(anonymous_1)","decl":{"start":{"line":10,"column":21},"end":{"line":10,"column":22}},"loc":{"start":{"line":10,"column":27},"end":{"line":12,"column":13}},"line":10}},"branchMap":{},"s":{"0":0,"1":0,"2":0,"3":0},"f":{"0":0,"1":0},"b":{},"hash":"c694f266951766fb0b2403479fa20ffa7696e378"}
,"/Users/sarahvandenberghe/School/Devine/20192020/Development-4/_OPDRACHT/site/src/components/Comment/index.jsx": {"path":"/Users/sarahvandenberghe/School/Devine/20192020/Development-4/_OPDRACHT/site/src/components/Comment/index.jsx","statementMap":{"0":{"start":{"line":6,"column":16},"end":{"line":13,"column":1}},"1":{"start":{"line":7,"column":4},"end":{"line":12,"column":7}},"2":{"start":{"line":8,"column":8},"end":{"line":11,"column":13}},"3":{"start":{"line":15,"column":0},"end":{"line":17,"column":2}}},"fnMap":{"0":{"name":"(anonymous_0)","decl":{"start":{"line":6,"column":16},"end":{"line":6,"column":17}},"loc":{"start":{"line":6,"column":33},"end":{"line":13,"column":1}},"line":6},"1":{"name":"(anonymous_1)","decl":{"start":{"line":7,"column":23},"end":{"line":7,"column":24}},"loc":{"start":{"line":8,"column":8},"end":{"line":11,"column":13}},"line":8}},"branchMap":{},"s":{"0":0,"1":0,"2":0,"3":0},"f":{"0":0,"1":0},"b":{},"hash":"a439a9a724439cd86f3bf89df5a6e6f49f29efef"}
,"/Users/sarahvandenberghe/School/Devine/20192020/Development-4/_OPDRACHT/site/src/components/CommentAdd/index.jsx": {"path":"/Users/sarahvandenberghe/School/Devine/20192020/Development-4/_OPDRACHT/site/src/components/CommentAdd/index.jsx","statementMap":{"0":{"start":{"line":7,"column":19},"end":{"line":40,"column":1}},"1":{"start":{"line":9,"column":24},"end":{"line":9,"column":35}},"2":{"start":{"line":10,"column":34},"end":{"line":10,"column":46}},"3":{"start":{"line":12,"column":29},"end":{"line":18,"column":5}},"4":{"start":{"line":13,"column":8},"end":{"line":13,"column":27}},"5":{"start":{"line":14,"column":8},"end":{"line":17,"column":9}},"6":{"start":{"line":15,"column":10},"end":{"line":15,"column":68}},"7":{"start":{"line":16,"column":10},"end":{"line":16,"column":25}},"8":{"start":{"line":20,"column":4},"end":{"line":39,"column":7}},"9":{"start":{"line":21,"column":6},"end":{"line":38,"column":13}},"10":{"start":{"line":21,"column":51},"end":{"line":21,"column":76}},"11":{"start":{"line":30,"column":27},"end":{"line":30,"column":60}},"12":{"start":{"line":42,"column":0},"end":{"line":44,"column":2}}},"fnMap":{"0":{"name":"(anonymous_0)","decl":{"start":{"line":7,"column":19},"end":{"line":7,"column":20}},"loc":{"start":{"line":7,"column":33},"end":{"line":40,"column":1}},"line":7},"1":{"name":"(anonymous_1)","decl":{"start":{"line":12,"column":29},"end":{"line":12,"column":30}},"loc":{"start":{"line":12,"column":42},"end":{"line":18,"column":5}},"line":12},"2":{"name":"(anonymous_2)","decl":{"start":{"line":20,"column":23},"end":{"line":20,"column":24}},"loc":{"start":{"line":21,"column":6},"end":{"line":38,"column":13}},"line":21},"3":{"name":"(anonymous_3)","decl":{"start":{"line":21,"column":46},"end":{"line":21,"column":47}},"loc":{"start":{"line":21,"column":51},"end":{"line":21,"column":76}},"line":21},"4":{"name":"(anonymous_4)","decl":{"start":{"line":30,"column":22},"end":{"line":30,"column":23}},"loc":{"start":{"line":30,"column":27},"end":{"line":30,"column":60}},"line":30}},"branchMap":{"0":{"loc":{"start":{"line":14,"column":8},"end":{"line":17,"column":9}},"type":"if","locations":[{"start":{"line":14,"column":8},"end":{"line":17,"column":9}},{"start":{"line":14,"column":8},"end":{"line":17,"column":9}}],"line":14}},"s":{"0":0,"1":0,"2":0,"3":0,"4":0,"5":0,"6":0,"7":0,"8":0,"9":0,"10":0,"11":0,"12":0},"f":{"0":0,"1":0,"2":0,"3":0,"4":0},"b":{"0":[0,0]},"hash":"a200ee7faf2d7af18ca79d4f69cf0221f9526db0"}
,"/Users/sarahvandenberghe/School/Devine/20192020/Development-4/_OPDRACHT/site/src/components/Comments/index.jsx": {"path":"/Users/sarahvandenberghe/School/Devine/20192020/Development-4/_OPDRACHT/site/src/components/Comments/index.jsx","statementMap":{"0":{"start":{"line":8,"column":17},"end":{"line":19,"column":1}},"1":{"start":{"line":9,"column":4},"end":{"line":18,"column":7}},"2":{"start":{"line":10,"column":8},"end":{"line":17,"column":14}},"3":{"start":{"line":13,"column":20},"end":{"line":13,"column":66}},"4":{"start":{"line":21,"column":0},"end":{"line":23,"column":2}}},"fnMap":{"0":{"name":"(anonymous_0)","decl":{"start":{"line":8,"column":17},"end":{"line":8,"column":18}},"loc":{"start":{"line":8,"column":31},"end":{"line":19,"column":1}},"line":8},"1":{"name":"(anonymous_1)","decl":{"start":{"line":9,"column":23},"end":{"line":9,"column":24}},"loc":{"start":{"line":10,"column":8},"end":{"line":17,"column":14}},"line":10},"2":{"name":"(anonymous_2)","decl":{"start":{"line":12,"column":35},"end":{"line":12,"column":36}},"loc":{"start":{"line":13,"column":20},"end":{"line":13,"column":66}},"line":13}},"branchMap":{},"s":{"0":0,"1":0,"2":0,"3":0,"4":0},"f":{"0":0,"1":0,"2":0},"b":{},"hash":"a7367dce2f1adb9256fa7a07e2a07f9c9814e067"}
,"/Users/sarahvandenberghe/School/Devine/20192020/Development-4/_OPDRACHT/site/src/components/Detail/index.jsx": {"path":"/Users/sarahvandenberghe/School/Devine/20192020/Development-4/_OPDRACHT/site/src/components/Detail/index.jsx","statementMap":{"0":{"start":{"line":11,"column":15},"end":{"line":50,"column":1}},"1":{"start":{"line":12,"column":35},"end":{"line":12,"column":46}},"2":{"start":{"line":13,"column":19},"end":{"line":13,"column":30}},"3":{"start":{"line":14,"column":4},"end":{"line":14,"column":27}},"4":{"start":{"line":15,"column":17},"end":{"line":15,"column":42}},"5":{"start":{"line":16,"column":4},"end":{"line":16,"column":21}},"6":{"start":{"line":17,"column":18},"end":{"line":17,"column":30}},"7":{"start":{"line":19,"column":4},"end":{"line":49,"column":7}},"8":{"start":{"line":20,"column":8},"end":{"line":22,"column":9}},"9":{"start":{"line":21,"column":12},"end":{"line":21,"column":30}},"10":{"start":{"line":24,"column":8},"end":{"line":48,"column":9}}},"fnMap":{"0":{"name":"(anonymous_0)","decl":{"start":{"line":11,"column":15},"end":{"line":11,"column":16}},"loc":{"start":{"line":11,"column":21},"end":{"line":50,"column":1}},"line":11},"1":{"name":"(anonymous_1)","decl":{"start":{"line":19,"column":23},"end":{"line":19,"column":24}},"loc":{"start":{"line":19,"column":29},"end":{"line":49,"column":5}},"line":19}},"branchMap":{"0":{"loc":{"start":{"line":20,"column":8},"end":{"line":22,"column":9}},"type":"if","locations":[{"start":{"line":20,"column":8},"end":{"line":22,"column":9}},{"start":{"line":20,"column":8},"end":{"line":22,"column":9}}],"line":20},"1":{"loc":{"start":{"line":27,"column":13},"end":{"line":46,"column":16}},"type":"cond-expr","locations":[{"start":{"line":28,"column":12},"end":{"line":45,"column":18}},{"start":{"line":46,"column":14},"end":{"line":46,"column":16}}],"line":27},"2":{"loc":{"start":{"line":29,"column":64},"end":{"line":29,"column":134}},"type":"cond-expr","locations":[{"start":{"line":29,"column":99},"end":{"line":29,"column":119}},{"start":{"line":29,"column":122},"end":{"line":29,"column":134}}],"line":29}},"s":{"0":0,"1":0,"2":0,"3":0,"4":0,"5":0,"6":0,"7":0,"8":0,"9":0,"10":0},"f":{"0":0,"1":0},"b":{"0":[0,0],"1":[0,0],"2":[0,0]},"hash":"f38288e97a5d3d65031af8309566bfd16dc65687"}
,"/Users/sarahvandenberghe/School/Devine/20192020/Development-4/_OPDRACHT/site/src/components/Home/index.jsx": {"path":"/Users/sarahvandenberghe/School/Devine/20192020/Development-4/_OPDRACHT/site/src/components/Home/index.jsx","statementMap":{"0":{"start":{"line":7,"column":13},"end":{"line":21,"column":1}},"1":{"start":{"line":8,"column":26},"end":{"line":8,"column":37}},"2":{"start":{"line":10,"column":4},"end":{"line":20,"column":7}},"3":{"start":{"line":11,"column":8},"end":{"line":19,"column":13}},"4":{"start":{"line":14,"column":16},"end":{"line":17,"column":18}}},"fnMap":{"0":{"name":"(anonymous_0)","decl":{"start":{"line":7,"column":13},"end":{"line":7,"column":14}},"loc":{"start":{"line":7,"column":19},"end":{"line":21,"column":1}},"line":7},"1":{"name":"(anonymous_1)","decl":{"start":{"line":10,"column":23},"end":{"line":10,"column":24}},"loc":{"start":{"line":11,"column":8},"end":{"line":19,"column":13}},"line":11},"2":{"name":"(anonymous_2)","decl":{"start":{"line":13,"column":43},"end":{"line":13,"column":44}},"loc":{"start":{"line":14,"column":16},"end":{"line":17,"column":18}},"line":14}},"branchMap":{},"s":{"0":0,"1":0,"2":0,"3":0,"4":0},"f":{"0":0,"1":0,"2":0},"b":{},"hash":"2cee0b394990a13856a9b338e6a3c45c236af045"}
,"/Users/sarahvandenberghe/School/Devine/20192020/Development-4/_OPDRACHT/site/src/components/Navbar/index.jsx": {"path":"/Users/sarahvandenberghe/School/Devine/20192020/Development-4/_OPDRACHT/site/src/components/Navbar/index.jsx","statementMap":{"0":{"start":{"line":6,"column":15},"end":{"line":51,"column":1}},"1":{"start":{"line":7,"column":4},"end":{"line":50,"column":6}}},"fnMap":{"0":{"name":"(anonymous_0)","decl":{"start":{"line":6,"column":15},"end":{"line":6,"column":16}},"loc":{"start":{"line":6,"column":21},"end":{"line":51,"column":1}},"line":6}},"branchMap":{},"s":{"0":0,"1":0},"f":{"0":0},"b":{},"hash":"377ae2b845a01f41659cb725535920f94942279b"}
,"/Users/sarahvandenberghe/School/Devine/20192020/Development-4/_OPDRACHT/site/src/components/Post/index.jsx": {"path":"/Users/sarahvandenberghe/School/Devine/20192020/Development-4/_OPDRACHT/site/src/components/Post/index.jsx","statementMap":{"0":{"start":{"line":11,"column":13},"end":{"line":25,"column":1}},"1":{"start":{"line":13,"column":4},"end":{"line":24,"column":7}},"2":{"start":{"line":14,"column":8},"end":{"line":23,"column":13}},"3":{"start":{"line":27,"column":0},"end":{"line":29,"column":2}}},"fnMap":{"0":{"name":"(anonymous_0)","decl":{"start":{"line":11,"column":13},"end":{"line":11,"column":14}},"loc":{"start":{"line":11,"column":27},"end":{"line":25,"column":1}},"line":11},"1":{"name":"(anonymous_1)","decl":{"start":{"line":13,"column":23},"end":{"line":13,"column":24}},"loc":{"start":{"line":14,"column":8},"end":{"line":23,"column":13}},"line":14}},"branchMap":{},"s":{"0":0,"1":0,"2":0,"3":0},"f":{"0":0,"1":0},"b":{},"hash":"4e5d116514df211949566e7fdc96064b9bf18d8a"}
,"/Users/sarahvandenberghe/School/Devine/20192020/Development-4/_OPDRACHT/site/src/components/PostImage/index.jsx": {"path":"/Users/sarahvandenberghe/School/Devine/20192020/Development-4/_OPDRACHT/site/src/components/PostImage/index.jsx","statementMap":{"0":{"start":{"line":5,"column":18},"end":{"line":10,"column":1}},"1":{"start":{"line":6,"column":2},"end":{"line":6,"column":27}},"2":{"start":{"line":7,"column":4},"end":{"line":9,"column":6}},"3":{"start":{"line":12,"column":0},"end":{"line":14,"column":2}}},"fnMap":{"0":{"name":"(anonymous_0)","decl":{"start":{"line":5,"column":18},"end":{"line":5,"column":19}},"loc":{"start":{"line":5,"column":32},"end":{"line":10,"column":1}},"line":5}},"branchMap":{},"s":{"0":0,"1":0,"2":0,"3":0},"f":{"0":0},"b":{},"hash":"6faf37a2b856409489d50ec83115263685b6cfe6"}
,"/Users/sarahvandenberghe/School/Devine/20192020/Development-4/_OPDRACHT/site/src/components/PostInfo/index.jsx": {"path":"/Users/sarahvandenberghe/School/Devine/20192020/Development-4/_OPDRACHT/site/src/components/PostInfo/index.jsx","statementMap":{"0":{"start":{"line":6,"column":17},"end":{"line":17,"column":1}},"1":{"start":{"line":7,"column":4},"end":{"line":16,"column":5}},"2":{"start":{"line":19,"column":0},"end":{"line":21,"column":2}}},"fnMap":{"0":{"name":"(anonymous_0)","decl":{"start":{"line":6,"column":17},"end":{"line":6,"column":18}},"loc":{"start":{"line":6,"column":31},"end":{"line":17,"column":1}},"line":6}},"branchMap":{},"s":{"0":0,"1":0,"2":0},"f":{"0":0},"b":{},"hash":"10b188ad9771382eef77ce9c5bc3e97fff9d1294"}
,"/Users/sarahvandenberghe/School/Devine/20192020/Development-4/_OPDRACHT/site/src/components/PostLike/index.jsx": {"path":"/Users/sarahvandenberghe/School/Devine/20192020/Development-4/_OPDRACHT/site/src/components/PostLike/index.jsx","statementMap":{"0":{"start":{"line":6,"column":13},"end":{"line":19,"column":1}},"1":{"start":{"line":7,"column":4},"end":{"line":18,"column":7}},"2":{"start":{"line":8,"column":8},"end":{"line":16,"column":17}},"3":{"start":{"line":12,"column":16},"end":{"line":12,"column":59}},"4":{"start":{"line":21,"column":0},"end":{"line":23,"column":2}}},"fnMap":{"0":{"name":"(anonymous_0)","decl":{"start":{"line":6,"column":13},"end":{"line":6,"column":14}},"loc":{"start":{"line":6,"column":27},"end":{"line":19,"column":1}},"line":6},"1":{"name":"(anonymous_1)","decl":{"start":{"line":7,"column":23},"end":{"line":7,"column":24}},"loc":{"start":{"line":8,"column":8},"end":{"line":16,"column":17}},"line":8},"2":{"name":"(anonymous_2)","decl":{"start":{"line":11,"column":21},"end":{"line":11,"column":22}},"loc":{"start":{"line":11,"column":27},"end":{"line":13,"column":13}},"line":11}},"branchMap":{"0":{"loc":{"start":{"line":9,"column":45},"end":{"line":9,"column":110}},"type":"cond-expr","locations":[{"start":{"line":9,"column":58},"end":{"line":9,"column":82}},{"start":{"line":9,"column":85},"end":{"line":9,"column":110}}],"line":9},"1":{"loc":{"start":{"line":12,"column":32},"end":{"line":12,"column":57}},"type":"cond-expr","locations":[{"start":{"line":12,"column":45},"end":{"line":12,"column":50}},{"start":{"line":12,"column":53},"end":{"line":12,"column":57}}],"line":12}},"s":{"0":0,"1":0,"2":0,"3":0,"4":0},"f":{"0":0,"1":0,"2":0},"b":{"0":[0,0],"1":[0,0]},"hash":"c30f85b36297cd71a219d67c6973ee0654f79c81"}
,"/Users/sarahvandenberghe/School/Devine/20192020/Development-4/_OPDRACHT/site/src/components/Profile/index.jsx": {"path":"/Users/sarahvandenberghe/School/Devine/20192020/Development-4/_OPDRACHT/site/src/components/Profile/index.jsx","statementMap":{"0":{"start":{"line":8,"column":16},"end":{"line":24,"column":1}},"1":{"start":{"line":9,"column":24},"end":{"line":9,"column":35}},"2":{"start":{"line":11,"column":4},"end":{"line":23,"column":6}}},"fnMap":{"0":{"name":"(anonymous_0)","decl":{"start":{"line":8,"column":16},"end":{"line":8,"column":17}},"loc":{"start":{"line":8,"column":22},"end":{"line":24,"column":1}},"line":8}},"branchMap":{},"s":{"0":0,"1":0,"2":0},"f":{"0":0},"b":{},"hash":"cdc0881b2044de5c9182fca37c87344ff35f9c4a"}
,"/Users/sarahvandenberghe/School/Devine/20192020/Development-4/_OPDRACHT/site/src/components/Tags/index.jsx": {"path":"/Users/sarahvandenberghe/School/Devine/20192020/Development-4/_OPDRACHT/site/src/components/Tags/index.jsx","statementMap":{"0":{"start":{"line":5,"column":17},"end":{"line":14,"column":1}},"1":{"start":{"line":6,"column":4},"end":{"line":13,"column":6}},"2":{"start":{"line":10,"column":55},"end":{"line":10,"column":102}},"3":{"start":{"line":16,"column":0},"end":{"line":18,"column":2}}},"fnMap":{"0":{"name":"(anonymous_0)","decl":{"start":{"line":5,"column":17},"end":{"line":5,"column":18}},"loc":{"start":{"line":5,"column":31},"end":{"line":14,"column":1}},"line":5},"1":{"name":"(anonymous_1)","decl":{"start":{"line":10,"column":47},"end":{"line":10,"column":48}},"loc":{"start":{"line":10,"column":55},"end":{"line":10,"column":102}},"line":10}},"branchMap":{"0":{"loc":{"start":{"line":8,"column":13},"end":{"line":11,"column":26}},"type":"cond-expr","locations":[{"start":{"line":9,"column":16},"end":{"line":11,"column":21}},{"start":{"line":11,"column":24},"end":{"line":11,"column":26}}],"line":8},"1":{"loc":{"start":{"line":10,"column":21},"end":{"line":10,"column":109}},"type":"cond-expr","locations":[{"start":{"line":10,"column":33},"end":{"line":10,"column":104}},{"start":{"line":10,"column":107},"end":{"line":10,"column":109}}],"line":10}},"s":{"0":0,"1":0,"2":0,"3":0},"f":{"0":0,"1":0},"b":{"0":[0,0],"1":[0,0]},"hash":"5968aac4c5c012167372efc8ea4ebd3e924c28ef"}
,"/Users/sarahvandenberghe/School/Devine/20192020/Development-4/_OPDRACHT/site/src/consts/index.js": {"path":"/Users/sarahvandenberghe/School/Devine/20192020/Development-4/_OPDRACHT/site/src/consts/index.js","statementMap":{"0":{"start":{"line":1,"column":15},"end":{"line":6,"column":1}}},"fnMap":{},"branchMap":{},"s":{"0":0},"f":{},"b":{},"hash":"706f969219bc383ce5f727232221e4d63b2d50f7"}
,"/Users/sarahvandenberghe/School/Devine/20192020/Development-4/_OPDRACHT/site/src/contexts/index.js": {"path":"/Users/sarahvandenberghe/School/Devine/20192020/Development-4/_OPDRACHT/site/src/contexts/index.js","statementMap":{"0":{"start":{"line":8,"column":18},"end":{"line":8,"column":72}},"1":{"start":{"line":10,"column":14},"end":{"line":15,"column":2}},"2":{"start":{"line":17,"column":14},"end":{"line":22,"column":2}},"3":{"start":{"line":24,"column":14},"end":{"line":29,"column":2}},"4":{"start":{"line":31,"column":14},"end":{"line":36,"column":2}},"5":{"start":{"line":39,"column":14},"end":{"line":49,"column":2}},"6":{"start":{"line":51,"column":14},"end":{"line":61,"column":2}},"7":{"start":{"line":63,"column":0},"end":{"line":63,"column":60}},"8":{"start":{"line":64,"column":0},"end":{"line":64,"column":72}},"9":{"start":{"line":65,"column":0},"end":{"line":65,"column":60}},"10":{"start":{"line":66,"column":0},"end":{"line":66,"column":63}},"11":{"start":{"line":68,"column":0},"end":{"line":68,"column":40}},"12":{"start":{"line":69,"column":0},"end":{"line":69,"column":25}},"13":{"start":{"line":71,"column":29},"end":{"line":71,"column":53}}},"fnMap":{},"branchMap":{},"s":{"0":0,"1":0,"2":0,"3":0,"4":0,"5":0,"6":0,"7":0,"8":0,"9":0,"10":0,"11":0,"12":0,"13":0},"f":{},"b":{},"hash":"efdf9dd92f5fe6e4ba3bb3703ef9b43d101e721f"}
,"/Users/sarahvandenberghe/School/Devine/20192020/Development-4/_OPDRACHT/site/src/hooks/index.js": {"path":"/Users/sarahvandenberghe/School/Devine/20192020/Development-4/_OPDRACHT/site/src/hooks/index.js","statementMap":{"0":{"start":{"line":4,"column":25},"end":{"line":4,"column":56}},"1":{"start":{"line":4,"column":31},"end":{"line":4,"column":56}}},"fnMap":{"0":{"name":"(anonymous_0)","decl":{"start":{"line":4,"column":25},"end":{"line":4,"column":26}},"loc":{"start":{"line":4,"column":31},"end":{"line":4,"column":56}},"line":4}},"branchMap":{},"s":{"0":0,"1":0},"f":{"0":0},"b":{},"hash":"0ba2882c49b09bc9db1c4212f8fbb9c6a73e8a92"}
,"/Users/sarahvandenberghe/School/Devine/20192020/Development-4/_OPDRACHT/site/src/models/Comment.js": {"path":"/Users/sarahvandenberghe/School/Devine/20192020/Development-4/_OPDRACHT/site/src/models/Comment.js","statementMap":{"0":{"start":{"line":5,"column":8},"end":{"line":5,"column":27}},"1":{"start":{"line":6,"column":8},"end":{"line":6,"column":25}},"2":{"start":{"line":7,"column":8},"end":{"line":7,"column":31}},"3":{"start":{"line":8,"column":8},"end":{"line":10,"column":9}},"4":{"start":{"line":9,"column":12},"end":{"line":9,"column":48}},"5":{"start":{"line":11,"column":8},"end":{"line":11,"column":25}},"6":{"start":{"line":12,"column":8},"end":{"line":12,"column":35}}},"fnMap":{"0":{"name":"(anonymous_0)","decl":{"start":{"line":4,"column":4},"end":{"line":4,"column":5}},"loc":{"start":{"line":4,"column":41},"end":{"line":13,"column":5}},"line":4}},"branchMap":{"0":{"loc":{"start":{"line":8,"column":8},"end":{"line":10,"column":9}},"type":"if","locations":[{"start":{"line":8,"column":8},"end":{"line":10,"column":9}},{"start":{"line":8,"column":8},"end":{"line":10,"column":9}}],"line":8}},"s":{"0":1,"1":1,"2":1,"3":1,"4":0,"5":1,"6":1},"f":{"0":1},"b":{"0":[0,1]},"_coverageSchema":"43e27e138ebf9cfc5966b082cf9a028302ed4184","hash":"eda71dba742296307e5d808a62d9b85ed1b6e676"}
,"/Users/sarahvandenberghe/School/Devine/20192020/Development-4/_OPDRACHT/site/src/models/Post.js": {"path":"/Users/sarahvandenberghe/School/Devine/20192020/Development-4/_OPDRACHT/site/src/models/Post.js","statementMap":{"0":{"start":{"line":5,"column":4},"end":{"line":5,"column":17}},"1":{"start":{"line":6,"column":4},"end":{"line":6,"column":27}},"2":{"start":{"line":7,"column":4},"end":{"line":7,"column":23}},"3":{"start":{"line":8,"column":4},"end":{"line":8,"column":21}},"4":{"start":{"line":9,"column":4},"end":{"line":9,"column":35}},"5":{"start":{"line":10,"column":4},"end":{"line":10,"column":21}},"6":{"start":{"line":11,"column":4},"end":{"line":11,"column":23}},"7":{"start":{"line":12,"column":4},"end":{"line":12,"column":22}},"8":{"start":{"line":13,"column":4},"end":{"line":13,"column":23}},"9":{"start":{"line":14,"column":4},"end":{"line":16,"column":5}},"10":{"start":{"line":15,"column":6},"end":{"line":15,"column":43}},"11":{"start":{"line":17,"column":4},"end":{"line":17,"column":23}},"12":{"start":{"line":18,"column":4},"end":{"line":18,"column":29}},"13":{"start":{"line":22,"column":4},"end":{"line":22,"column":23}},"14":{"start":{"line":26,"column":4},"end":{"line":26,"column":32}},"15":{"start":{"line":30,"column":18},"end":{"line":30,"column":85}},"16":{"start":{"line":31,"column":4},"end":{"line":31,"column":71}},"17":{"start":{"line":35,"column":0},"end":{"line":43,"column":3}}},"fnMap":{"0":{"name":"(anonymous_0)","decl":{"start":{"line":4,"column":2},"end":{"line":4,"column":3}},"loc":{"start":{"line":4,"column":89},"end":{"line":19,"column":3}},"line":4},"1":{"name":"(anonymous_1)","decl":{"start":{"line":21,"column":2},"end":{"line":21,"column":3}},"loc":{"start":{"line":21,"column":20},"end":{"line":23,"column":3}},"line":21},"2":{"name":"(anonymous_2)","decl":{"start":{"line":25,"column":2},"end":{"line":25,"column":3}},"loc":{"start":{"line":25,"column":22},"end":{"line":27,"column":3}},"line":25},"3":{"name":"(anonymous_3)","decl":{"start":{"line":29,"column":2},"end":{"line":29,"column":3}},"loc":{"start":{"line":29,"column":22},"end":{"line":32,"column":3}},"line":29}},"branchMap":{"0":{"loc":{"start":{"line":4,"column":60},"end":{"line":4,"column":73}},"type":"default-arg","locations":[{"start":{"line":4,"column":68},"end":{"line":4,"column":73}}],"line":4},"1":{"loc":{"start":{"line":14,"column":4},"end":{"line":16,"column":5}},"type":"if","locations":[{"start":{"line":14,"column":4},"end":{"line":16,"column":5}},{"start":{"line":14,"column":4},"end":{"line":16,"column":5}}],"line":14}},"s":{"0":8,"1":8,"2":8,"3":8,"4":8,"5":8,"6":8,"7":8,"8":8,"9":8,"10":0,"11":8,"12":8,"13":1,"14":2,"15":1,"16":1,"17":4},"f":{"0":8,"1":1,"2":2,"3":1},"b":{"0":[8],"1":[0,8]},"_coverageSchema":"43e27e138ebf9cfc5966b082cf9a028302ed4184","hash":"b48f0c9fb489b97e324053a2a5c75ce0f98c7279"}
,"/Users/sarahvandenberghe/School/Devine/20192020/Development-4/_OPDRACHT/site/src/models/User.js": {"path":"/Users/sarahvandenberghe/School/Devine/20192020/Development-4/_OPDRACHT/site/src/models/User.js","statementMap":{"0":{"start":{"line":5,"column":8},"end":{"line":5,"column":21}},"1":{"start":{"line":6,"column":8},"end":{"line":6,"column":25}},"2":{"start":{"line":7,"column":8},"end":{"line":7,"column":24}},"3":{"start":{"line":8,"column":8},"end":{"line":8,"column":29}},"4":{"start":{"line":9,"column":8},"end":{"line":9,"column":27}},"5":{"start":{"line":11,"column":8},"end":{"line":13,"column":9}},"6":{"start":{"line":12,"column":12},"end":{"line":12,"column":107}},"7":{"start":{"line":15,"column":8},"end":{"line":17,"column":9}},"8":{"start":{"line":16,"column":12},"end":{"line":16,"column":49}},"9":{"start":{"line":19,"column":8},"end":{"line":19,"column":33}},"10":{"start":{"line":23,"column":8},"end":{"line":23,"column":60}}},"fnMap":{"0":{"name":"(anonymous_0)","decl":{"start":{"line":4,"column":4},"end":{"line":4,"column":5}},"loc":{"start":{"line":4,"column":57},"end":{"line":20,"column":5}},"line":4},"1":{"name":"(anonymous_1)","decl":{"start":{"line":22,"column":4},"end":{"line":22,"column":5}},"loc":{"start":{"line":22,"column":19},"end":{"line":24,"column":5}},"line":22}},"branchMap":{"0":{"loc":{"start":{"line":4,"column":18},"end":{"line":4,"column":27}},"type":"default-arg","locations":[{"start":{"line":4,"column":23},"end":{"line":4,"column":27}}],"line":4},"1":{"loc":{"start":{"line":4,"column":35},"end":{"line":4,"column":46}},"type":"default-arg","locations":[{"start":{"line":4,"column":44},"end":{"line":4,"column":46}}],"line":4},"2":{"loc":{"start":{"line":11,"column":8},"end":{"line":13,"column":9}},"type":"if","locations":[{"start":{"line":11,"column":8},"end":{"line":13,"column":9}},{"start":{"line":11,"column":8},"end":{"line":13,"column":9}}],"line":11},"3":{"loc":{"start":{"line":15,"column":8},"end":{"line":17,"column":9}},"type":"if","locations":[{"start":{"line":15,"column":8},"end":{"line":17,"column":9}},{"start":{"line":15,"column":8},"end":{"line":17,"column":9}}],"line":15},"4":{"loc":{"start":{"line":23,"column":8},"end":{"line":23,"column":59}},"type":"binary-expr","locations":[{"start":{"line":23,"column":8},"end":{"line":23,"column":34}},{"start":{"line":23,"column":38},"end":{"line":23,"column":59}}],"line":23}},"s":{"0":6,"1":6,"2":6,"3":6,"4":6,"5":6,"6":4,"7":6,"8":0,"9":6,"10":1},"f":{"0":6,"1":1},"b":{"0":[4],"1":[4],"2":[4,2],"3":[0,6],"4":[1,1]},"_coverageSchema":"43e27e138ebf9cfc5966b082cf9a028302ed4184","hash":"c16c52bd3bb7a7e0239f8ba4843de8f29f4dda5c"}
,"/Users/sarahvandenberghe/School/Devine/20192020/Development-4/_OPDRACHT/site/src/stores/DataStore.js": {"path":"/Users/sarahvandenberghe/School/Devine/20192020/Development-4/_OPDRACHT/site/src/stores/DataStore.js","statementMap":{"0":{"start":{"line":3,"column":0},"end":{"line":3,"column":40}},"1":{"start":{"line":7,"column":4},"end":{"line":7,"column":20}},"2":{"start":{"line":8,"column":4},"end":{"line":8,"column":20}},"3":{"start":{"line":12,"column":4},"end":{"line":12,"column":26}},"4":{"start":{"line":28,"column":4},"end":{"line":28,"column":26}},"5":{"start":{"line":31,"column":16},"end":{"line":31,"column":61}},"6":{"start":{"line":31,"column":22},"end":{"line":31,"column":61}},"7":{"start":{"line":31,"column":46},"end":{"line":31,"column":60}},"8":{"start":{"line":34,"column":0},"end":{"line":39,"column":3}}},"fnMap":{"0":{"name":"(anonymous_0)","decl":{"start":{"line":6,"column":2},"end":{"line":6,"column":3}},"loc":{"start":{"line":6,"column":16},"end":{"line":9,"column":3}},"line":6},"1":{"name":"(anonymous_1)","decl":{"start":{"line":11,"column":2},"end":{"line":11,"column":3}},"loc":{"start":{"line":11,"column":16},"end":{"line":13,"column":3}},"line":11},"2":{"name":"(anonymous_2)","decl":{"start":{"line":27,"column":2},"end":{"line":27,"column":3}},"loc":{"start":{"line":27,"column":16},"end":{"line":29,"column":3}},"line":27},"3":{"name":"(anonymous_3)","decl":{"start":{"line":31,"column":16},"end":{"line":31,"column":17}},"loc":{"start":{"line":31,"column":22},"end":{"line":31,"column":61}},"line":31},"4":{"name":"(anonymous_4)","decl":{"start":{"line":31,"column":38},"end":{"line":31,"column":39}},"loc":{"start":{"line":31,"column":46},"end":{"line":31,"column":60}},"line":31}},"branchMap":{},"s":{"0":5,"1":13,"2":13,"3":6,"4":8,"5":13,"6":0,"7":0,"8":5},"f":{"0":13,"1":6,"2":8,"3":0,"4":0},"b":{},"_coverageSchema":"43e27e138ebf9cfc5966b082cf9a028302ed4184","hash":"896d160625c6d040ab2f82aca023370e8c2fab1d"}
,"/Users/sarahvandenberghe/School/Devine/20192020/Development-4/_OPDRACHT/site/src/stores/UiStore.js": {"path":"/Users/sarahvandenberghe/School/Devine/20192020/Development-4/_OPDRACHT/site/src/stores/UiStore.js","statementMap":{"0":{"start":{"line":5,"column":8},"end":{"line":5,"column":37}},"1":{"start":{"line":9,"column":8},"end":{"line":9,"column":32}},"2":{"start":{"line":13,"column":0},"end":{"line":16,"column":3}}},"fnMap":{"0":{"name":"(anonymous_0)","decl":{"start":{"line":4,"column":4},"end":{"line":4,"column":5}},"loc":{"start":{"line":4,"column":18},"end":{"line":6,"column":5}},"line":4},"1":{"name":"(anonymous_1)","decl":{"start":{"line":8,"column":4},"end":{"line":8,"column":5}},"loc":{"start":{"line":8,"column":25},"end":{"line":10,"column":5}},"line":8}},"branchMap":{},"s":{"0":2,"1":1,"2":1},"f":{"0":2,"1":1},"b":{},"_coverageSchema":"43e27e138ebf9cfc5966b082cf9a028302ed4184","hash":"6ffffa39269cf720a0e3e87439deee6fcc362388"}
}
